<?xml version="1.0" encoding="UTF-8"?>
<testng-results ignored="0" total="1" passed="1" failed="0" skipped="0">
  <reporter-output>
  </reporter-output>
  <suite started-at="2023-04-29T23:37:11 EDT" name="Default suite" finished-at="2023-04-29T23:37:32 EDT" duration-ms="21487">
    <groups>
    </groups>
    <test started-at="2023-04-29T23:37:11 EDT" name="Default test" finished-at="2023-04-29T23:37:32 EDT" duration-ms="21487">
      <class name="tutorialsninja_website.Login">
        <test-method is-config="true" signature="website_opining()[pri:0, instance:tutorialsninja_website.Login@51c668e3]" started-at="2023-04-29T23:37:11 EDT" name="website_opining" finished-at="2023-04-29T23:37:20 EDT" duration-ms="9235" status="PASS">
          <reporter-output>
          </reporter-output>
        </test-method> <!-- website_opining -->
        <test-method signature="login()[pri:0, instance:tutorialsninja_website.Login@51c668e3]" started-at="2023-04-29T23:37:20 EDT" name="login" finished-at="2023-04-29T23:37:32 EDT" duration-ms="12219" status="PASS">
          <reporter-output>
          </reporter-output>
        </test-method> <!-- login -->
      </class> <!-- tutorialsninja_website.Login -->
    </test> <!-- Default test -->
  </suite> <!-- Default suite -->
</testng-results>
